<?xml version="1.0" encoding="UTF-8"?>
<testsuite xmlns:xsi="http://www.w3.org/2001/XMLSchema-instance" xsi:noNamespaceSchemaLocation="https://maven.apache.org/surefire/maven-surefire-plugin/xsd/surefire-test-report.xsd" version="3.0.2" name="com.family.tree.media.service.FamilyTreeMedeaServiceApplicationTests" time="3.167" tests="1" errors="0" skipped="0" failures="0">
  <properties>
    <property name="java.specification.version" value="21"/>
    <property name="sun.jnu.encoding" value="UTF-8"/>
    <property name="java.class.path" value="/Users/mac/Projects/Family Tree/family-duniya-media-service/target/test-classes:/Users/mac/Projects/Family Tree/family-duniya-media-service/target/classes:/Users/mac/.m2/repository/org/springframework/boot/spring-boot-starter-data-jpa/3.4.5/spring-boot-starter-data-jpa-3.4.5.jar:/Users/mac/.m2/repository/org/springframework/boot/spring-boot-starter/3.4.5/spring-boot-starter-3.4.5.jar:/Users/mac/.m2/repository/org/springframework/boot/spring-boot/3.4.5/spring-boot-3.4.5.jar:/Users/mac/.m2/repository/org/springframework/boot/spring-boot-autoconfigure/3.4.5/spring-boot-autoconfigure-3.4.5.jar:/Users/mac/.m2/repository/org/springframework/boot/spring-boot-starter-logging/3.4.5/spring-boot-starter-logging-3.4.5.jar:/Users/mac/.m2/repository/ch/qos/logback/logback-classic/1.5.18/logback-classic-1.5.18.jar:/Users/mac/.m2/repository/ch/qos/logback/logback-core/1.5.18/logback-core-1.5.18.jar:/Users/mac/.m2/repository/org/apache/logging/log4j/log4j-to-slf4j/2.24.3/log4j-to-slf4j-2.24.3.jar:/Users/mac/.m2/repository/org/slf4j/jul-to-slf4j/2.0.17/jul-to-slf4j-2.0.17.jar:/Users/mac/.m2/repository/jakarta/annotation/jakarta.annotation-api/2.1.1/jakarta.annotation-api-2.1.1.jar:/Users/mac/.m2/repository/org/yaml/snakeyaml/2.3/snakeyaml-2.3.jar:/Users/mac/.m2/repository/org/springframework/boot/spring-boot-starter-jdbc/3.4.5/spring-boot-starter-jdbc-3.4.5.jar:/Users/mac/.m2/repository/com/zaxxer/HikariCP/5.1.0/HikariCP-5.1.0.jar:/Users/mac/.m2/repository/org/springframework/spring-jdbc/6.2.6/spring-jdbc-6.2.6.jar:/Users/mac/.m2/repository/org/hibernate/orm/hibernate-core/6.6.13.Final/hibernate-core-6.6.13.Final.jar:/Users/mac/.m2/repository/jakarta/persistence/jakarta.persistence-api/3.1.0/jakarta.persistence-api-3.1.0.jar:/Users/mac/.m2/repository/jakarta/transaction/jakarta.transaction-api/2.0.1/jakarta.transaction-api-2.0.1.jar:/Users/mac/.m2/repository/org/jboss/logging/jboss-logging/3.6.1.Final/jboss-logging-3.6.1.Final.jar:/Users/mac/.m2/repository/org/hibernate/common/hibernate-commons-annotations/7.0.3.Final/hibernate-commons-annotations-7.0.3.Final.jar:/Users/mac/.m2/repository/io/smallrye/jandex/3.2.0/jandex-3.2.0.jar:/Users/mac/.m2/repository/com/fasterxml/classmate/1.7.0/classmate-1.7.0.jar:/Users/mac/.m2/repository/net/bytebuddy/byte-buddy/1.15.11/byte-buddy-1.15.11.jar:/Users/mac/.m2/repository/org/glassfish/jaxb/jaxb-runtime/4.0.5/jaxb-runtime-4.0.5.jar:/Users/mac/.m2/repository/org/glassfish/jaxb/jaxb-core/4.0.5/jaxb-core-4.0.5.jar:/Users/mac/.m2/repository/org/eclipse/angus/angus-activation/2.0.2/angus-activation-2.0.2.jar:/Users/mac/.m2/repository/org/glassfish/jaxb/txw2/4.0.5/txw2-4.0.5.jar:/Users/mac/.m2/repository/com/sun/istack/istack-commons-runtime/4.1.2/istack-commons-runtime-4.1.2.jar:/Users/mac/.m2/repository/jakarta/inject/jakarta.inject-api/2.0.1/jakarta.inject-api-2.0.1.jar:/Users/mac/.m2/repository/org/antlr/antlr4-runtime/4.13.0/antlr4-runtime-4.13.0.jar:/Users/mac/.m2/repository/org/springframework/data/spring-data-jpa/3.4.5/spring-data-jpa-3.4.5.jar:/Users/mac/.m2/repository/org/springframework/data/spring-data-commons/3.4.5/spring-data-commons-3.4.5.jar:/Users/mac/.m2/repository/org/springframework/spring-orm/6.2.6/spring-orm-6.2.6.jar:/Users/mac/.m2/repository/org/springframework/spring-context/6.2.6/spring-context-6.2.6.jar:/Users/mac/.m2/repository/org/springframework/spring-aop/6.2.6/spring-aop-6.2.6.jar:/Users/mac/.m2/repository/org/springframework/spring-tx/6.2.6/spring-tx-6.2.6.jar:/Users/mac/.m2/repository/org/springframework/spring-beans/6.2.6/spring-beans-6.2.6.jar:/Users/mac/.m2/repository/org/slf4j/slf4j-api/2.0.17/slf4j-api-2.0.17.jar:/Users/mac/.m2/repository/org/springframework/spring-aspects/6.2.6/spring-aspects-6.2.6.jar:/Users/mac/.m2/repository/org/aspectj/aspectjweaver/1.9.24/aspectjweaver-1.9.24.jar:/Users/mac/.m2/repository/org/springframework/boot/spring-boot-starter-web/3.4.5/spring-boot-starter-web-3.4.5.jar:/Users/mac/.m2/repository/org/springframework/boot/spring-boot-starter-json/3.4.5/spring-boot-starter-json-3.4.5.jar:/Users/mac/.m2/repository/com/fasterxml/jackson/core/jackson-databind/2.18.3/jackson-databind-2.18.3.jar:/Users/mac/.m2/repository/com/fasterxml/jackson/core/jackson-annotations/2.18.3/jackson-annotations-2.18.3.jar:/Users/mac/.m2/repository/com/fasterxml/jackson/core/jackson-core/2.18.3/jackson-core-2.18.3.jar:/Users/mac/.m2/repository/com/fasterxml/jackson/datatype/jackson-datatype-jdk8/2.18.3/jackson-datatype-jdk8-2.18.3.jar:/Users/mac/.m2/repository/com/fasterxml/jackson/datatype/jackson-datatype-jsr310/2.18.3/jackson-datatype-jsr310-2.18.3.jar:/Users/mac/.m2/repository/com/fasterxml/jackson/module/jackson-module-parameter-names/2.18.3/jackson-module-parameter-names-2.18.3.jar:/Users/mac/.m2/repository/org/springframework/boot/spring-boot-starter-tomcat/3.4.5/spring-boot-starter-tomcat-3.4.5.jar:/Users/mac/.m2/repository/org/apache/tomcat/embed/tomcat-embed-core/10.1.40/tomcat-embed-core-10.1.40.jar:/Users/mac/.m2/repository/org/apache/tomcat/embed/tomcat-embed-el/10.1.40/tomcat-embed-el-10.1.40.jar:/Users/mac/.m2/repository/org/apache/tomcat/embed/tomcat-embed-websocket/10.1.40/tomcat-embed-websocket-10.1.40.jar:/Users/mac/.m2/repository/org/springframework/spring-web/6.2.6/spring-web-6.2.6.jar:/Users/mac/.m2/repository/io/micrometer/micrometer-observation/1.14.6/micrometer-observation-1.14.6.jar:/Users/mac/.m2/repository/io/micrometer/micrometer-commons/1.14.6/micrometer-commons-1.14.6.jar:/Users/mac/.m2/repository/org/springframework/spring-webmvc/6.2.6/spring-webmvc-6.2.6.jar:/Users/mac/.m2/repository/org/springframework/spring-expression/6.2.6/spring-expression-6.2.6.jar:/Users/mac/.m2/repository/org/springframework/boot/spring-boot-starter-log4j2/3.4.5/spring-boot-starter-log4j2-3.4.5.jar:/Users/mac/.m2/repository/org/apache/logging/log4j/log4j-slf4j2-impl/2.24.3/log4j-slf4j2-impl-2.24.3.jar:/Users/mac/.m2/repository/org/apache/logging/log4j/log4j-api/2.24.3/log4j-api-2.24.3.jar:/Users/mac/.m2/repository/org/apache/logging/log4j/log4j-core/2.24.3/log4j-core-2.24.3.jar:/Users/mac/.m2/repository/org/apache/logging/log4j/log4j-jul/2.24.3/log4j-jul-2.24.3.jar:/Users/mac/.m2/repository/org/postgresql/postgresql/42.7.5/postgresql-42.7.5.jar:/Users/mac/.m2/repository/org/checkerframework/checker-qual/3.48.3/checker-qual-3.48.3.jar:/Users/mac/.m2/repository/org/projectlombok/lombok/1.18.38/lombok-1.18.38.jar:/Users/mac/.m2/repository/org/springframework/boot/spring-boot-starter-test/3.4.5/spring-boot-starter-test-3.4.5.jar:/Users/mac/.m2/repository/org/springframework/boot/spring-boot-test/3.4.5/spring-boot-test-3.4.5.jar:/Users/mac/.m2/repository/org/springframework/boot/spring-boot-test-autoconfigure/3.4.5/spring-boot-test-autoconfigure-3.4.5.jar:/Users/mac/.m2/repository/com/jayway/jsonpath/json-path/2.9.0/json-path-2.9.0.jar:/Users/mac/.m2/repository/jakarta/xml/bind/jakarta.xml.bind-api/4.0.2/jakarta.xml.bind-api-4.0.2.jar:/Users/mac/.m2/repository/jakarta/activation/jakarta.activation-api/2.1.3/jakarta.activation-api-2.1.3.jar:/Users/mac/.m2/repository/net/minidev/json-smart/2.5.2/json-smart-2.5.2.jar:/Users/mac/.m2/repository/net/minidev/accessors-smart/2.5.2/accessors-smart-2.5.2.jar:/Users/mac/.m2/repository/org/ow2/asm/asm/9.7.1/asm-9.7.1.jar:/Users/mac/.m2/repository/org/assertj/assertj-core/3.26.3/assertj-core-3.26.3.jar:/Users/mac/.m2/repository/org/awaitility/awaitility/4.2.2/awaitility-4.2.2.jar:/Users/mac/.m2/repository/org/hamcrest/hamcrest/2.2/hamcrest-2.2.jar:/Users/mac/.m2/repository/org/junit/jupiter/junit-jupiter/5.11.4/junit-jupiter-5.11.4.jar:/Users/mac/.m2/repository/org/junit/jupiter/junit-jupiter-api/5.11.4/junit-jupiter-api-5.11.4.jar:/Users/mac/.m2/repository/org/opentest4j/opentest4j/1.3.0/opentest4j-1.3.0.jar:/Users/mac/.m2/repository/org/junit/platform/junit-platform-commons/1.11.4/junit-platform-commons-1.11.4.jar:/Users/mac/.m2/repository/org/apiguardian/apiguardian-api/1.1.2/apiguardian-api-1.1.2.jar:/Users/mac/.m2/repository/org/junit/jupiter/junit-jupiter-params/5.11.4/junit-jupiter-params-5.11.4.jar:/Users/mac/.m2/repository/org/junit/jupiter/junit-jupiter-engine/5.11.4/junit-jupiter-engine-5.11.4.jar:/Users/mac/.m2/repository/org/junit/platform/junit-platform-engine/1.11.4/junit-platform-engine-1.11.4.jar:/Users/mac/.m2/repository/org/mockito/mockito-core/5.14.2/mockito-core-5.14.2.jar:/Users/mac/.m2/repository/net/bytebuddy/byte-buddy-agent/1.15.11/byte-buddy-agent-1.15.11.jar:/Users/mac/.m2/repository/org/objenesis/objenesis/3.3/objenesis-3.3.jar:/Users/mac/.m2/repository/org/mockito/mockito-junit-jupiter/5.14.2/mockito-junit-jupiter-5.14.2.jar:/Users/mac/.m2/repository/org/skyscreamer/jsonassert/1.5.3/jsonassert-1.5.3.jar:/Users/mac/.m2/repository/com/vaadin/external/google/android-json/0.0.20131108.vaadin1/android-json-0.0.20131108.vaadin1.jar:/Users/mac/.m2/repository/org/springframework/spring-core/6.2.6/spring-core-6.2.6.jar:/Users/mac/.m2/repository/org/springframework/spring-jcl/6.2.6/spring-jcl-6.2.6.jar:/Users/mac/.m2/repository/org/springframework/spring-test/6.2.6/spring-test-6.2.6.jar:/Users/mac/.m2/repository/org/xmlunit/xmlunit-core/2.10.0/xmlunit-core-2.10.0.jar:/Users/mac/.m2/repository/software/amazon/awssdk/s3/2.20.66/s3-2.20.66.jar:/Users/mac/.m2/repository/software/amazon/awssdk/aws-xml-protocol/2.20.66/aws-xml-protocol-2.20.66.jar:/Users/mac/.m2/repository/software/amazon/awssdk/aws-query-protocol/2.20.66/aws-query-protocol-2.20.66.jar:/Users/mac/.m2/repository/software/amazon/awssdk/protocol-core/2.20.66/protocol-core-2.20.66.jar:/Users/mac/.m2/repository/software/amazon/awssdk/arns/2.20.66/arns-2.20.66.jar:/Users/mac/.m2/repository/software/amazon/awssdk/profiles/2.20.66/profiles-2.20.66.jar:/Users/mac/.m2/repository/software/amazon/awssdk/crt-core/2.20.66/crt-core-2.20.66.jar:/Users/mac/.m2/repository/software/amazon/awssdk/sdk-core/2.20.66/sdk-core-2.20.66.jar:/Users/mac/.m2/repository/org/reactivestreams/reactive-streams/1.0.4/reactive-streams-1.0.4.jar:/Users/mac/.m2/repository/software/amazon/awssdk/auth/2.20.66/auth-2.20.66.jar:/Users/mac/.m2/repository/software/amazon/eventstream/eventstream/1.0.1/eventstream-1.0.1.jar:/Users/mac/.m2/repository/software/amazon/awssdk/http-client-spi/2.20.66/http-client-spi-2.20.66.jar:/Users/mac/.m2/repository/software/amazon/awssdk/regions/2.20.66/regions-2.20.66.jar:/Users/mac/.m2/repository/software/amazon/awssdk/annotations/2.20.66/annotations-2.20.66.jar:/Users/mac/.m2/repository/software/amazon/awssdk/utils/2.20.66/utils-2.20.66.jar:/Users/mac/.m2/repository/software/amazon/awssdk/aws-core/2.20.66/aws-core-2.20.66.jar:/Users/mac/.m2/repository/software/amazon/awssdk/metrics-spi/2.20.66/metrics-spi-2.20.66.jar:/Users/mac/.m2/repository/software/amazon/awssdk/json-utils/2.20.66/json-utils-2.20.66.jar:/Users/mac/.m2/repository/software/amazon/awssdk/third-party-jackson-core/2.20.66/third-party-jackson-core-2.20.66.jar:/Users/mac/.m2/repository/software/amazon/awssdk/endpoints-spi/2.20.66/endpoints-spi-2.20.66.jar:/Users/mac/.m2/repository/software/amazon/awssdk/apache-client/2.20.66/apache-client-2.20.66.jar:/Users/mac/.m2/repository/org/apache/httpcomponents/httpclient/4.5.13/httpclient-4.5.13.jar:/Users/mac/.m2/repository/commons-logging/commons-logging/1.2/commons-logging-1.2.jar:/Users/mac/.m2/repository/org/apache/httpcomponents/httpcore/4.4.16/httpcore-4.4.16.jar:/Users/mac/.m2/repository/commons-codec/commons-codec/1.17.2/commons-codec-1.17.2.jar:/Users/mac/.m2/repository/software/amazon/awssdk/netty-nio-client/2.20.66/netty-nio-client-2.20.66.jar:/Users/mac/.m2/repository/io/netty/netty-codec-http/4.1.119.Final/netty-codec-http-4.1.119.Final.jar:/Users/mac/.m2/repository/io/netty/netty-codec-http2/4.1.119.Final/netty-codec-http2-4.1.119.Final.jar:/Users/mac/.m2/repository/io/netty/netty-codec/4.1.119.Final/netty-codec-4.1.119.Final.jar:/Users/mac/.m2/repository/io/netty/netty-transport/4.1.119.Final/netty-transport-4.1.119.Final.jar:/Users/mac/.m2/repository/io/netty/netty-resolver/4.1.119.Final/netty-resolver-4.1.119.Final.jar:/Users/mac/.m2/repository/io/netty/netty-common/4.1.119.Final/netty-common-4.1.119.Final.jar:/Users/mac/.m2/repository/io/netty/netty-buffer/4.1.119.Final/netty-buffer-4.1.119.Final.jar:/Users/mac/.m2/repository/io/netty/netty-handler/4.1.119.Final/netty-handler-4.1.119.Final.jar:/Users/mac/.m2/repository/io/netty/netty-transport-native-unix-common/4.1.119.Final/netty-transport-native-unix-common-4.1.119.Final.jar:/Users/mac/.m2/repository/io/netty/netty-transport-classes-epoll/4.1.119.Final/netty-transport-classes-epoll-4.1.119.Final.jar:/Users/mac/.m2/repository/software/amazon/awssdk/url-connection-client/2.20.66/url-connection-client-2.20.66.jar:"/>
    <property name="java.vm.vendor" value="Microsoft"/>
    <property name="sun.arch.data.model" value="64"/>
    <property name="java.vendor.url" value="https://www.microsoft.com"/>
    <property name="user.timezone" value="Asia/Kolkata"/>
    <property name="org.jboss.logging.provider" value="slf4j"/>
    <property name="os.name" value="Mac OS X"/>
    <property name="java.vm.specification.version" value="21"/>
    <property name="APPLICATION_NAME" value="family-tree-medea-service"/>
    <property name="user.country" value="AE"/>
    <property name="sun.java.launcher" value="SUN_STANDARD"/>
    <property name="sun.boot.library.path" value="/Users/mac/Library/Java/JavaVirtualMachines/ms-21.0.7/Contents/Home/lib"/>
    <property name="sun.java.command" value="/Users/mac/Projects/Family Tree/family-duniya-media-service/target/surefire/surefirebooter-20250608195904062_3.jar /Users/mac/Projects/Family Tree/family-duniya-media-service/target/surefire 2025-06-08T19-59-04_017-jvmRun1 surefire-20250608195904062_1tmp surefire_0-20250608195904062_2tmp"/>
    <property name="http.nonProxyHosts" value="local|*.local|169.254/16|*.169.254/16"/>
    <property name="jdk.debug" value="release"/>
    <property name="surefire.test.class.path" value="/Users/mac/Projects/Family Tree/family-duniya-media-service/target/test-classes:/Users/mac/Projects/Family Tree/family-duniya-media-service/target/classes:/Users/mac/.m2/repository/org/springframework/boot/spring-boot-starter-data-jpa/3.4.5/spring-boot-starter-data-jpa-3.4.5.jar:/Users/mac/.m2/repository/org/springframework/boot/spring-boot-starter/3.4.5/spring-boot-starter-3.4.5.jar:/Users/mac/.m2/repository/org/springframework/boot/spring-boot/3.4.5/spring-boot-3.4.5.jar:/Users/mac/.m2/repository/org/springframework/boot/spring-boot-autoconfigure/3.4.5/spring-boot-autoconfigure-3.4.5.jar:/Users/mac/.m2/repository/org/springframework/boot/spring-boot-starter-logging/3.4.5/spring-boot-starter-logging-3.4.5.jar:/Users/mac/.m2/repository/ch/qos/logback/logback-classic/1.5.18/logback-classic-1.5.18.jar:/Users/mac/.m2/repository/ch/qos/logback/logback-core/1.5.18/logback-core-1.5.18.jar:/Users/mac/.m2/repository/org/apache/logging/log4j/log4j-to-slf4j/2.24.3/log4j-to-slf4j-2.24.3.jar:/Users/mac/.m2/repository/org/slf4j/jul-to-slf4j/2.0.17/jul-to-slf4j-2.0.17.jar:/Users/mac/.m2/repository/jakarta/annotation/jakarta.annotation-api/2.1.1/jakarta.annotation-api-2.1.1.jar:/Users/mac/.m2/repository/org/yaml/snakeyaml/2.3/snakeyaml-2.3.jar:/Users/mac/.m2/repository/org/springframework/boot/spring-boot-starter-jdbc/3.4.5/spring-boot-starter-jdbc-3.4.5.jar:/Users/mac/.m2/repository/com/zaxxer/HikariCP/5.1.0/HikariCP-5.1.0.jar:/Users/mac/.m2/repository/org/springframework/spring-jdbc/6.2.6/spring-jdbc-6.2.6.jar:/Users/mac/.m2/repository/org/hibernate/orm/hibernate-core/6.6.13.Final/hibernate-core-6.6.13.Final.jar:/Users/mac/.m2/repository/jakarta/persistence/jakarta.persistence-api/3.1.0/jakarta.persistence-api-3.1.0.jar:/Users/mac/.m2/repository/jakarta/transaction/jakarta.transaction-api/2.0.1/jakarta.transaction-api-2.0.1.jar:/Users/mac/.m2/repository/org/jboss/logging/jboss-logging/3.6.1.Final/jboss-logging-3.6.1.Final.jar:/Users/mac/.m2/repository/org/hibernate/common/hibernate-commons-annotations/7.0.3.Final/hibernate-commons-annotations-7.0.3.Final.jar:/Users/mac/.m2/repository/io/smallrye/jandex/3.2.0/jandex-3.2.0.jar:/Users/mac/.m2/repository/com/fasterxml/classmate/1.7.0/classmate-1.7.0.jar:/Users/mac/.m2/repository/net/bytebuddy/byte-buddy/1.15.11/byte-buddy-1.15.11.jar:/Users/mac/.m2/repository/org/glassfish/jaxb/jaxb-runtime/4.0.5/jaxb-runtime-4.0.5.jar:/Users/mac/.m2/repository/org/glassfish/jaxb/jaxb-core/4.0.5/jaxb-core-4.0.5.jar:/Users/mac/.m2/repository/org/eclipse/angus/angus-activation/2.0.2/angus-activation-2.0.2.jar:/Users/mac/.m2/repository/org/glassfish/jaxb/txw2/4.0.5/txw2-4.0.5.jar:/Users/mac/.m2/repository/com/sun/istack/istack-commons-runtime/4.1.2/istack-commons-runtime-4.1.2.jar:/Users/mac/.m2/repository/jakarta/inject/jakarta.inject-api/2.0.1/jakarta.inject-api-2.0.1.jar:/Users/mac/.m2/repository/org/antlr/antlr4-runtime/4.13.0/antlr4-runtime-4.13.0.jar:/Users/mac/.m2/repository/org/springframework/data/spring-data-jpa/3.4.5/spring-data-jpa-3.4.5.jar:/Users/mac/.m2/repository/org/springframework/data/spring-data-commons/3.4.5/spring-data-commons-3.4.5.jar:/Users/mac/.m2/repository/org/springframework/spring-orm/6.2.6/spring-orm-6.2.6.jar:/Users/mac/.m2/repository/org/springframework/spring-context/6.2.6/spring-context-6.2.6.jar:/Users/mac/.m2/repository/org/springframework/spring-aop/6.2.6/spring-aop-6.2.6.jar:/Users/mac/.m2/repository/org/springframework/spring-tx/6.2.6/spring-tx-6.2.6.jar:/Users/mac/.m2/repository/org/springframework/spring-beans/6.2.6/spring-beans-6.2.6.jar:/Users/mac/.m2/repository/org/slf4j/slf4j-api/2.0.17/slf4j-api-2.0.17.jar:/Users/mac/.m2/repository/org/springframework/spring-aspects/6.2.6/spring-aspects-6.2.6.jar:/Users/mac/.m2/repository/org/aspectj/aspectjweaver/1.9.24/aspectjweaver-1.9.24.jar:/Users/mac/.m2/repository/org/springframework/boot/spring-boot-starter-web/3.4.5/spring-boot-starter-web-3.4.5.jar:/Users/mac/.m2/repository/org/springframework/boot/spring-boot-starter-json/3.4.5/spring-boot-starter-json-3.4.5.jar:/Users/mac/.m2/repository/com/fasterxml/jackson/core/jackson-databind/2.18.3/jackson-databind-2.18.3.jar:/Users/mac/.m2/repository/com/fasterxml/jackson/core/jackson-annotations/2.18.3/jackson-annotations-2.18.3.jar:/Users/mac/.m2/repository/com/fasterxml/jackson/core/jackson-core/2.18.3/jackson-core-2.18.3.jar:/Users/mac/.m2/repository/com/fasterxml/jackson/datatype/jackson-datatype-jdk8/2.18.3/jackson-datatype-jdk8-2.18.3.jar:/Users/mac/.m2/repository/com/fasterxml/jackson/datatype/jackson-datatype-jsr310/2.18.3/jackson-datatype-jsr310-2.18.3.jar:/Users/mac/.m2/repository/com/fasterxml/jackson/module/jackson-module-parameter-names/2.18.3/jackson-module-parameter-names-2.18.3.jar:/Users/mac/.m2/repository/org/springframework/boot/spring-boot-starter-tomcat/3.4.5/spring-boot-starter-tomcat-3.4.5.jar:/Users/mac/.m2/repository/org/apache/tomcat/embed/tomcat-embed-core/10.1.40/tomcat-embed-core-10.1.40.jar:/Users/mac/.m2/repository/org/apache/tomcat/embed/tomcat-embed-el/10.1.40/tomcat-embed-el-10.1.40.jar:/Users/mac/.m2/repository/org/apache/tomcat/embed/tomcat-embed-websocket/10.1.40/tomcat-embed-websocket-10.1.40.jar:/Users/mac/.m2/repository/org/springframework/spring-web/6.2.6/spring-web-6.2.6.jar:/Users/mac/.m2/repository/io/micrometer/micrometer-observation/1.14.6/micrometer-observation-1.14.6.jar:/Users/mac/.m2/repository/io/micrometer/micrometer-commons/1.14.6/micrometer-commons-1.14.6.jar:/Users/mac/.m2/repository/org/springframework/spring-webmvc/6.2.6/spring-webmvc-6.2.6.jar:/Users/mac/.m2/repository/org/springframework/spring-expression/6.2.6/spring-expression-6.2.6.jar:/Users/mac/.m2/repository/org/springframework/boot/spring-boot-starter-log4j2/3.4.5/spring-boot-starter-log4j2-3.4.5.jar:/Users/mac/.m2/repository/org/apache/logging/log4j/log4j-slf4j2-impl/2.24.3/log4j-slf4j2-impl-2.24.3.jar:/Users/mac/.m2/repository/org/apache/logging/log4j/log4j-api/2.24.3/log4j-api-2.24.3.jar:/Users/mac/.m2/repository/org/apache/logging/log4j/log4j-core/2.24.3/log4j-core-2.24.3.jar:/Users/mac/.m2/repository/org/apache/logging/log4j/log4j-jul/2.24.3/log4j-jul-2.24.3.jar:/Users/mac/.m2/repository/org/postgresql/postgresql/42.7.5/postgresql-42.7.5.jar:/Users/mac/.m2/repository/org/checkerframework/checker-qual/3.48.3/checker-qual-3.48.3.jar:/Users/mac/.m2/repository/org/projectlombok/lombok/1.18.38/lombok-1.18.38.jar:/Users/mac/.m2/repository/org/springframework/boot/spring-boot-starter-test/3.4.5/spring-boot-starter-test-3.4.5.jar:/Users/mac/.m2/repository/org/springframework/boot/spring-boot-test/3.4.5/spring-boot-test-3.4.5.jar:/Users/mac/.m2/repository/org/springframework/boot/spring-boot-test-autoconfigure/3.4.5/spring-boot-test-autoconfigure-3.4.5.jar:/Users/mac/.m2/repository/com/jayway/jsonpath/json-path/2.9.0/json-path-2.9.0.jar:/Users/mac/.m2/repository/jakarta/xml/bind/jakarta.xml.bind-api/4.0.2/jakarta.xml.bind-api-4.0.2.jar:/Users/mac/.m2/repository/jakarta/activation/jakarta.activation-api/2.1.3/jakarta.activation-api-2.1.3.jar:/Users/mac/.m2/repository/net/minidev/json-smart/2.5.2/json-smart-2.5.2.jar:/Users/mac/.m2/repository/net/minidev/accessors-smart/2.5.2/accessors-smart-2.5.2.jar:/Users/mac/.m2/repository/org/ow2/asm/asm/9.7.1/asm-9.7.1.jar:/Users/mac/.m2/repository/org/assertj/assertj-core/3.26.3/assertj-core-3.26.3.jar:/Users/mac/.m2/repository/org/awaitility/awaitility/4.2.2/awaitility-4.2.2.jar:/Users/mac/.m2/repository/org/hamcrest/hamcrest/2.2/hamcrest-2.2.jar:/Users/mac/.m2/repository/org/junit/jupiter/junit-jupiter/5.11.4/junit-jupiter-5.11.4.jar:/Users/mac/.m2/repository/org/junit/jupiter/junit-jupiter-api/5.11.4/junit-jupiter-api-5.11.4.jar:/Users/mac/.m2/repository/org/opentest4j/opentest4j/1.3.0/opentest4j-1.3.0.jar:/Users/mac/.m2/repository/org/junit/platform/junit-platform-commons/1.11.4/junit-platform-commons-1.11.4.jar:/Users/mac/.m2/repository/org/apiguardian/apiguardian-api/1.1.2/apiguardian-api-1.1.2.jar:/Users/mac/.m2/repository/org/junit/jupiter/junit-jupiter-params/5.11.4/junit-jupiter-params-5.11.4.jar:/Users/mac/.m2/repository/org/junit/jupiter/junit-jupiter-engine/5.11.4/junit-jupiter-engine-5.11.4.jar:/Users/mac/.m2/repository/org/junit/platform/junit-platform-engine/1.11.4/junit-platform-engine-1.11.4.jar:/Users/mac/.m2/repository/org/mockito/mockito-core/5.14.2/mockito-core-5.14.2.jar:/Users/mac/.m2/repository/net/bytebuddy/byte-buddy-agent/1.15.11/byte-buddy-agent-1.15.11.jar:/Users/mac/.m2/repository/org/objenesis/objenesis/3.3/objenesis-3.3.jar:/Users/mac/.m2/repository/org/mockito/mockito-junit-jupiter/5.14.2/mockito-junit-jupiter-5.14.2.jar:/Users/mac/.m2/repository/org/skyscreamer/jsonassert/1.5.3/jsonassert-1.5.3.jar:/Users/mac/.m2/repository/com/vaadin/external/google/android-json/0.0.20131108.vaadin1/android-json-0.0.20131108.vaadin1.jar:/Users/mac/.m2/repository/org/springframework/spring-core/6.2.6/spring-core-6.2.6.jar:/Users/mac/.m2/repository/org/springframework/spring-jcl/6.2.6/spring-jcl-6.2.6.jar:/Users/mac/.m2/repository/org/springframework/spring-test/6.2.6/spring-test-6.2.6.jar:/Users/mac/.m2/repository/org/xmlunit/xmlunit-core/2.10.0/xmlunit-core-2.10.0.jar:/Users/mac/.m2/repository/software/amazon/awssdk/s3/2.20.66/s3-2.20.66.jar:/Users/mac/.m2/repository/software/amazon/awssdk/aws-xml-protocol/2.20.66/aws-xml-protocol-2.20.66.jar:/Users/mac/.m2/repository/software/amazon/awssdk/aws-query-protocol/2.20.66/aws-query-protocol-2.20.66.jar:/Users/mac/.m2/repository/software/amazon/awssdk/protocol-core/2.20.66/protocol-core-2.20.66.jar:/Users/mac/.m2/repository/software/amazon/awssdk/arns/2.20.66/arns-2.20.66.jar:/Users/mac/.m2/repository/software/amazon/awssdk/profiles/2.20.66/profiles-2.20.66.jar:/Users/mac/.m2/repository/software/amazon/awssdk/crt-core/2.20.66/crt-core-2.20.66.jar:/Users/mac/.m2/repository/software/amazon/awssdk/sdk-core/2.20.66/sdk-core-2.20.66.jar:/Users/mac/.m2/repository/org/reactivestreams/reactive-streams/1.0.4/reactive-streams-1.0.4.jar:/Users/mac/.m2/repository/software/amazon/awssdk/auth/2.20.66/auth-2.20.66.jar:/Users/mac/.m2/repository/software/amazon/eventstream/eventstream/1.0.1/eventstream-1.0.1.jar:/Users/mac/.m2/repository/software/amazon/awssdk/http-client-spi/2.20.66/http-client-spi-2.20.66.jar:/Users/mac/.m2/repository/software/amazon/awssdk/regions/2.20.66/regions-2.20.66.jar:/Users/mac/.m2/repository/software/amazon/awssdk/annotations/2.20.66/annotations-2.20.66.jar:/Users/mac/.m2/repository/software/amazon/awssdk/utils/2.20.66/utils-2.20.66.jar:/Users/mac/.m2/repository/software/amazon/awssdk/aws-core/2.20.66/aws-core-2.20.66.jar:/Users/mac/.m2/repository/software/amazon/awssdk/metrics-spi/2.20.66/metrics-spi-2.20.66.jar:/Users/mac/.m2/repository/software/amazon/awssdk/json-utils/2.20.66/json-utils-2.20.66.jar:/Users/mac/.m2/repository/software/amazon/awssdk/third-party-jackson-core/2.20.66/third-party-jackson-core-2.20.66.jar:/Users/mac/.m2/repository/software/amazon/awssdk/endpoints-spi/2.20.66/endpoints-spi-2.20.66.jar:/Users/mac/.m2/repository/software/amazon/awssdk/apache-client/2.20.66/apache-client-2.20.66.jar:/Users/mac/.m2/repository/org/apache/httpcomponents/httpclient/4.5.13/httpclient-4.5.13.jar:/Users/mac/.m2/repository/commons-logging/commons-logging/1.2/commons-logging-1.2.jar:/Users/mac/.m2/repository/org/apache/httpcomponents/httpcore/4.4.16/httpcore-4.4.16.jar:/Users/mac/.m2/repository/commons-codec/commons-codec/1.17.2/commons-codec-1.17.2.jar:/Users/mac/.m2/repository/software/amazon/awssdk/netty-nio-client/2.20.66/netty-nio-client-2.20.66.jar:/Users/mac/.m2/repository/io/netty/netty-codec-http/4.1.119.Final/netty-codec-http-4.1.119.Final.jar:/Users/mac/.m2/repository/io/netty/netty-codec-http2/4.1.119.Final/netty-codec-http2-4.1.119.Final.jar:/Users/mac/.m2/repository/io/netty/netty-codec/4.1.119.Final/netty-codec-4.1.119.Final.jar:/Users/mac/.m2/repository/io/netty/netty-transport/4.1.119.Final/netty-transport-4.1.119.Final.jar:/Users/mac/.m2/repository/io/netty/netty-resolver/4.1.119.Final/netty-resolver-4.1.119.Final.jar:/Users/mac/.m2/repository/io/netty/netty-common/4.1.119.Final/netty-common-4.1.119.Final.jar:/Users/mac/.m2/repository/io/netty/netty-buffer/4.1.119.Final/netty-buffer-4.1.119.Final.jar:/Users/mac/.m2/repository/io/netty/netty-handler/4.1.119.Final/netty-handler-4.1.119.Final.jar:/Users/mac/.m2/repository/io/netty/netty-transport-native-unix-common/4.1.119.Final/netty-transport-native-unix-common-4.1.119.Final.jar:/Users/mac/.m2/repository/io/netty/netty-transport-classes-epoll/4.1.119.Final/netty-transport-classes-epoll-4.1.119.Final.jar:/Users/mac/.m2/repository/software/amazon/awssdk/url-connection-client/2.20.66/url-connection-client-2.20.66.jar:"/>
    <property name="sun.cpu.endian" value="little"/>
    <property name="user.home" value="/Users/mac"/>
    <property name="user.language" value="en"/>
    <property name="java.specification.vendor" value="Oracle Corporation"/>
    <property name="java.version.date" value="2025-04-15"/>
    <property name="java.home" value="/Users/mac/Library/Java/JavaVirtualMachines/ms-21.0.7/Contents/Home"/>
    <property name="file.separator" value="/"/>
    <property name="basedir" value="/Users/mac/Projects/Family Tree/family-duniya-media-service"/>
    <property name="java.vm.compressedOopsMode" value="Zero based"/>
    <property name="line.separator" value="&#10;"/>
    <property name="java.vm.specification.vendor" value="Oracle Corporation"/>
    <property name="java.specification.name" value="Java Platform API Specification"/>
    <property name="FILE_LOG_CHARSET" value="UTF-8"/>
    <property name="java.awt.headless" value="true"/>
    <property name="apple.awt.application.name" value="ForkedBooter"/>
    <property name="surefire.real.class.path" value="/Users/mac/Projects/Family Tree/family-duniya-media-service/target/surefire/surefirebooter-20250608195904062_3.jar"/>
    <property name="sun.management.compiler" value="HotSpot 64-Bit Tiered Compilers"/>
    <property name="ftp.nonProxyHosts" value="local|*.local|169.254/16|*.169.254/16"/>
    <property name="java.runtime.version" value="21.0.7+6-LTS"/>
    <property name="user.name" value="mac"/>
    <property name="stdout.encoding" value="UTF-8"/>
    <property name="path.separator" value=":"/>
    <property name="os.version" value="14.2.1"/>
    <property name="java.runtime.name" value="OpenJDK Runtime Environment"/>
    <property name="file.encoding" value="UTF-8"/>
    <property name="java.vm.name" value="OpenJDK 64-Bit Server VM"/>
    <property name="java.vendor.version" value="Microsoft-11369939"/>
    <property name="LOG_FILE" value="logs/myapp.log"/>
    <property name="localRepository" value="/Users/mac/.m2/repository"/>
    <property name="java.vendor.url.bug" value="https://github.com/microsoft/openjdk/issues"/>
    <property name="java.io.tmpdir" value="/var/folders/21/ygzwgbds5_72qyqphyz20b0c0000gn/T/"/>
    <property name="idea.version" value="2025.1.1.1"/>
    <property name="com.zaxxer.hikari.pool_number" value="1"/>
    <property name="java.version" value="21.0.7"/>
    <property name="user.dir" value="/Users/mac/Projects/Family Tree/family-duniya-media-service"/>
    <property name="os.arch" value="aarch64"/>
    <property name="java.vm.specification.name" value="Java Virtual Machine Specification"/>
    <property name="PID" value="10771"/>
    <property name="CONSOLE_LOG_CHARSET" value="UTF-8"/>
    <property name="native.encoding" value="UTF-8"/>
    <property name="java.library.path" value="/Users/mac/Library/Java/Extensions:/Library/Java/Extensions:/Network/Library/Java/Extensions:/System/Library/Java/Extensions:/usr/lib/java:."/>
    <property name="java.vm.info" value="mixed mode, sharing"/>
    <property name="stderr.encoding" value="UTF-8"/>
    <property name="java.vendor" value="Microsoft"/>
    <property name="java.vm.version" value="21.0.7+6-LTS"/>
    <property name="sun.io.unicode.encoding" value="UnicodeBig"/>
    <property name="socksNonProxyHosts" value="local|*.local|169.254/16|*.169.254/16"/>
    <property name="java.class.version" value="65.0"/>
    <property name="LOGGED_APPLICATION_NAME" value="[family-tree-medea-service] "/>
  </properties>
  <testcase name="contextLoads" classname="com.family.tree.media.service.FamilyTreeMedeaServiceApplicationTests" time="0.302">
    <system-out><![CDATA[19:59:04.475 [main] INFO org.springframework.test.context.support.AnnotationConfigContextLoaderUtils -- Could not detect default configuration classes for test class [com.family.tree.media.service.FamilyTreeMedeaServiceApplicationTests]: FamilyTreeMedeaServiceApplicationTests does not declare any static, non-private, non-final, nested classes annotated with @Configuration.
19:59:04.532 [main] INFO org.springframework.boot.test.context.SpringBootTestContextBootstrapper -- Found @SpringBootConfiguration com.family.tree.media.service.FamilyTreeMedeaServiceApplication for test class com.family.tree.media.service.FamilyTreeMedeaServiceApplicationTests

  .   ____          _            __ _ _
 /\\ / ___'_ __ _ _(_)_ __  __ _ \ \ \ \
( ( )\___ | '_ | '_| | '_ \/ _` | \ \ \ \
 \\/  ___)| |_)| | | | | || (_| |  ) ) ) )
  '  |____| .__|_| |_|_| |_\__, | / / / /
 =========|_|==============|___/=/_/_/_/

 :: Spring Boot ::                (v3.4.5)

2025-06-08T19:59:04.769+05:30  INFO 10771 --- [family-tree-medea-service] [           main] s.FamilyTreeMedeaServiceApplicationTests : Starting FamilyTreeMedeaServiceApplicationTests using Java 21.0.7 with PID 10771 (started by mac in /Users/mac/Projects/Family Tree/family-duniya-media-service)
2025-06-08T19:59:04.771+05:30  INFO 10771 --- [family-tree-medea-service] [           main] s.FamilyTreeMedeaServiceApplicationTests : No active profile set, falling back to 1 default profile: "default"
2025-06-08T19:59:05.082+05:30  INFO 10771 --- [family-tree-medea-service] [           main] .s.d.r.c.RepositoryConfigurationDelegate : Bootstrapping Spring Data JPA repositories in DEFAULT mode.
2025-06-08T19:59:05.106+05:30  INFO 10771 --- [family-tree-medea-service] [           main] .s.d.r.c.RepositoryConfigurationDelegate : Finished Spring Data repository scanning in 19 ms. Found 1 JPA repository interface.
2025-06-08T19:59:05.302+05:30  INFO 10771 --- [family-tree-medea-service] [           main] o.hibernate.jpa.internal.util.LogHelper  : HHH000204: Processing PersistenceUnitInfo [name: default]
2025-06-08T19:59:05.333+05:30  INFO 10771 --- [family-tree-medea-service] [           main] org.hibernate.Version                    : HHH000412: Hibernate ORM core version 6.6.13.Final
2025-06-08T19:59:05.351+05:30  INFO 10771 --- [family-tree-medea-service] [           main] o.h.c.internal.RegionFactoryInitiator    : HHH000026: Second-level cache disabled
2025-06-08T19:59:05.485+05:30  INFO 10771 --- [family-tree-medea-service] [           main] o.s.o.j.p.SpringPersistenceUnitInfo      : No LoadTimeWeaver setup: ignoring JPA class transformer
2025-06-08T19:59:05.498+05:30  INFO 10771 --- [family-tree-medea-service] [           main] com.zaxxer.hikari.HikariDataSource       : HikariPool-1 - Starting...
2025-06-08T19:59:05.575+05:30  INFO 10771 --- [family-tree-medea-service] [           main] com.zaxxer.hikari.pool.HikariPool        : HikariPool-1 - Added connection org.postgresql.jdbc.PgConnection@1657b017
2025-06-08T19:59:05.576+05:30  INFO 10771 --- [family-tree-medea-service] [           main] com.zaxxer.hikari.HikariDataSource       : HikariPool-1 - Start completed.
2025-06-08T19:59:05.607+05:30  WARN 10771 --- [family-tree-medea-service] [           main] org.hibernate.orm.deprecation            : HHH90000025: PostgreSQLDialect does not need to be specified explicitly using 'hibernate.dialect' (remove the property setting and it will be selected by default)
2025-06-08T19:59:05.618+05:30  INFO 10771 --- [family-tree-medea-service] [           main] org.hibernate.orm.connections.pooling    : HHH10001005: Database info:
	Database JDBC URL [Connecting through datasource 'HikariDataSource (HikariPool-1)']
	Database driver: undefined/unknown
	Database version: 14.18
	Autocommit mode: undefined/unknown
	Isolation level: undefined/unknown
	Minimum pool size: undefined/unknown
	Maximum pool size: undefined/unknown
2025-06-08T19:59:06.130+05:30  INFO 10771 --- [family-tree-medea-service] [           main] o.h.e.t.j.p.i.JtaPlatformInitiator       : HHH000489: No JTA platform available (set 'hibernate.transaction.jta.platform' to enable JTA platform integration)
2025-06-08T19:59:06.629+05:30  INFO 10771 --- [family-tree-medea-service] [           main] j.LocalContainerEntityManagerFactoryBean : Initialized JPA EntityManagerFactory for persistence unit 'default'
2025-06-08T19:59:07.091+05:30  WARN 10771 --- [family-tree-medea-service] [           main] JpaBaseConfiguration$JpaWebConfiguration : spring.jpa.open-in-view is enabled by default. Therefore, database queries may be performed during view rendering. Explicitly configure spring.jpa.open-in-view to disable this warning
2025-06-08T19:59:07.256+05:30  INFO 10771 --- [family-tree-medea-service] [           main] s.FamilyTreeMedeaServiceApplicationTests : Started FamilyTreeMedeaServiceApplicationTests in 2.657 seconds (process running for 3.111)
]]></system-out>
    <system-err><![CDATA[SLF4J(W): Class path contains multiple SLF4J providers.
SLF4J(W): Found provider [ch.qos.logback.classic.spi.LogbackServiceProvider@69453e37]
SLF4J(W): Found provider [org.apache.logging.slf4j.SLF4JServiceProvider@6f4a47c7]
SLF4J(W): See https://www.slf4j.org/codes.html#multiple_bindings for an explanation.
SLF4J(I): Actual provider is of type [ch.qos.logback.classic.spi.LogbackServiceProvider@69453e37]
Mockito is currently self-attaching to enable the inline-mock-maker. This will no longer work in future releases of the JDK. Please add Mockito as an agent to your build what is described in Mockito's documentation: https://javadoc.io/doc/org.mockito/mockito-core/latest/org/mockito/Mockito.html#0.3
WARNING: A Java agent has been loaded dynamically (/Users/mac/.m2/repository/net/bytebuddy/byte-buddy-agent/1.15.11/byte-buddy-agent-1.15.11.jar)
WARNING: If a serviceability tool is in use, please run with -XX:+EnableDynamicAgentLoading to hide this warning
WARNING: If a serviceability tool is not in use, please run with -Djdk.instrument.traceUsage for more information
WARNING: Dynamic loading of agents will be disallowed by default in a future release
]]></system-err>
  </testcase>
</testsuite>